<?xml version="1.0" encoding="UTF-8"?>
<testsuite xmlns:xsi="http://www.w3.org/2001/XMLSchema-instance" xsi:noNamespaceSchemaLocation="https://maven.apache.org/surefire/maven-surefire-plugin/xsd/surefire-test-report.xsd" name="com.fakhri.AppTest" time="0.039" tests="1" errors="0" skipped="0" failures="0">
  <properties>
    <property name="sun.desktop" value="gnome"/>
    <property name="awt.toolkit" value="sun.awt.X11.XToolkit"/>
    <property name="java.specification.version" value="11"/>
    <property name="sun.cpu.isalist" value=""/>
    <property name="sun.jnu.encoding" value="UTF-8"/>
    <property name="java.class.path" value="/home/fahri/SpringProjects/spring-core-xml/target/test-classes:/home/fahri/SpringProjects/spring-core-xml/target/classes:/home/fahri/.m2/repository/org/springframework/spring-core/5.3.4/spring-core-5.3.4.jar:/home/fahri/.m2/repository/org/springframework/spring-jcl/5.3.4/spring-jcl-5.3.4.jar:/home/fahri/.m2/repository/org/springframework/spring-context/5.3.4/spring-context-5.3.4.jar:/home/fahri/.m2/repository/org/springframework/spring-aop/5.3.4/spring-aop-5.3.4.jar:/home/fahri/.m2/repository/org/springframework/spring-beans/5.3.4/spring-beans-5.3.4.jar:/home/fahri/.m2/repository/org/springframework/spring-expression/5.3.4/spring-expression-5.3.4.jar:/home/fahri/.m2/repository/org/springframework/spring-context-support/5.3.4/spring-context-support-5.3.4.jar:/home/fahri/.m2/repository/junit/junit/4.11/junit-4.11.jar:/home/fahri/.m2/repository/org/hamcrest/hamcrest-core/1.3/hamcrest-core-1.3.jar:"/>
    <property name="java.vm.vendor" value="Oracle Corporation"/>
    <property name="sun.arch.data.model" value="64"/>
    <property name="java.vendor.url" value="https://openjdk.java.net/"/>
    <property name="user.timezone" value=""/>
    <property name="java.vm.specification.version" value="11"/>
    <property name="os.name" value="Linux"/>
    <property name="sun.java.launcher" value="SUN_STANDARD"/>
    <property name="user.country" value="US"/>
    <property name="sun.boot.library.path" value="/usr/lib/jvm/java-11-oracle/lib"/>
    <property name="sun.java.command" value="/home/fahri/SpringProjects/spring-core-xml/target/surefire/surefirebooter4222180188694059815.jar /home/fahri/SpringProjects/spring-core-xml/target/surefire 2021-03-15T01-42-27_970-jvmRun1 surefire1817681520560107674tmp surefire_018022632765267678643tmp"/>
    <property name="jdk.debug" value="release"/>
    <property name="surefire.test.class.path" value="/home/fahri/SpringProjects/spring-core-xml/target/test-classes:/home/fahri/SpringProjects/spring-core-xml/target/classes:/home/fahri/.m2/repository/org/springframework/spring-core/5.3.4/spring-core-5.3.4.jar:/home/fahri/.m2/repository/org/springframework/spring-jcl/5.3.4/spring-jcl-5.3.4.jar:/home/fahri/.m2/repository/org/springframework/spring-context/5.3.4/spring-context-5.3.4.jar:/home/fahri/.m2/repository/org/springframework/spring-aop/5.3.4/spring-aop-5.3.4.jar:/home/fahri/.m2/repository/org/springframework/spring-beans/5.3.4/spring-beans-5.3.4.jar:/home/fahri/.m2/repository/org/springframework/spring-expression/5.3.4/spring-expression-5.3.4.jar:/home/fahri/.m2/repository/org/springframework/spring-context-support/5.3.4/spring-context-support-5.3.4.jar:/home/fahri/.m2/repository/junit/junit/4.11/junit-4.11.jar:/home/fahri/.m2/repository/org/hamcrest/hamcrest-core/1.3/hamcrest-core-1.3.jar:"/>
    <property name="sun.cpu.endian" value="little"/>
    <property name="user.home" value="/home/fahri"/>
    <property name="user.language" value="en"/>
    <property name="java.specification.vendor" value="Oracle Corporation"/>
    <property name="java.version.date" value="2021-01-19"/>
    <property name="java.home" value="/usr/lib/jvm/java-11-oracle"/>
    <property name="file.separator" value="/"/>
    <property name="basedir" value="/home/fahri/SpringProjects/spring-core-xml"/>
    <property name="java.vm.compressedOopsMode" value="Zero based"/>
    <property name="line.separator" value="&#10;"/>
    <property name="java.specification.name" value="Java Platform API Specification"/>
    <property name="java.vm.specification.vendor" value="Oracle Corporation"/>
    <property name="java.awt.graphicsenv" value="sun.awt.X11GraphicsEnvironment"/>
    <property name="surefire.real.class.path" value="/home/fahri/SpringProjects/spring-core-xml/target/surefire/surefirebooter4222180188694059815.jar"/>
    <property name="sun.management.compiler" value="HotSpot 64-Bit Tiered Compilers"/>
    <property name="java.runtime.version" value="11.0.10+8-LTS-162"/>
    <property name="user.name" value="fahri"/>
    <property name="path.separator" value=":"/>
    <property name="os.version" value="5.8.0-43-generic"/>
    <property name="java.runtime.name" value="Java(TM) SE Runtime Environment"/>
    <property name="file.encoding" value="UTF-8"/>
    <property name="java.vm.name" value="Java HotSpot(TM) 64-Bit Server VM"/>
    <property name="java.vendor.version" value="18.9"/>
    <property name="localRepository" value="/home/fahri/.m2/repository"/>
    <property name="java.vendor.url.bug" value="https://bugreport.java.com/bugreport/"/>
    <property name="java.io.tmpdir" value="/tmp"/>
    <property name="java.version" value="11.0.10"/>
    <property name="user.dir" value="/home/fahri/SpringProjects/spring-core-xml"/>
    <property name="os.arch" value="amd64"/>
    <property name="java.vm.specification.name" value="Java Virtual Machine Specification"/>
    <property name="java.awt.printerjob" value="sun.print.PSPrinterJob"/>
    <property name="sun.os.patch.level" value="unknown"/>
    <property name="java.library.path" value="/usr/java/packages/lib:/usr/lib64:/lib64:/lib:/usr/lib"/>
    <property name="java.vendor" value="Oracle Corporation"/>
    <property name="java.vm.info" value="mixed mode"/>
    <property name="java.vm.version" value="11.0.10+8-LTS-162"/>
    <property name="sun.io.unicode.encoding" value="UnicodeLittle"/>
    <property name="java.class.version" value="55.0"/>
  </properties>
  <testcase name="shouldAnswerWithTrue" classname="com.fakhri.AppTest" time="0.002"/>
</testsuite>